0 info it worked if it ends with ok
1 verbose cli [ 'C:\\Program Files\\nodejs\\\\node.exe',
1 verbose cli   'C:\\Program Files\\nodejs\\node_modules\\npm\\bin\\npm-cli.js',
1 verbose cli   'install',
1 verbose cli   'ionic-ion-horizontal-scroll-cards' ]
2 info using npm@2.9.1
3 info using node@v0.12.3
4 verbose node symlink C:\Program Files\nodejs\\node.exe
5 verbose install initial load of D:\personals\sunwiz\CarOne\phase1\conference\package.json
6 warn package.json conference@1.0.0 No repository field.
7 warn package.json conference@1.0.0 No README data
8 verbose readDependencies loading dependencies from D:\personals\sunwiz\CarOne\phase1\conference\package.json
9 silly cache add args [ 'ionic-ion-horizontal-scroll-cards', null ]
10 verbose cache add spec ionic-ion-horizontal-scroll-cards
11 silly cache add parsed spec { raw: 'ionic-ion-horizontal-scroll-cards',
11 silly cache add   scope: null,
11 silly cache add   name: 'ionic-ion-horizontal-scroll-cards',
11 silly cache add   rawSpec: '',
11 silly cache add   spec: '*',
11 silly cache add   type: 'range' }
12 silly addNamed ionic-ion-horizontal-scroll-cards@*
13 verbose addNamed "*" is a valid semver range for ionic-ion-horizontal-scroll-cards
14 silly addNameRange { name: 'ionic-ion-horizontal-scroll-cards',
14 silly addNameRange   range: '*',
14 silly addNameRange   hasData: false }
15 silly mapToRegistry name ionic-ion-horizontal-scroll-cards
16 silly mapToRegistry using default registry
17 silly mapToRegistry registry https://registry.npmjs.org/
18 silly mapToRegistry uri https://registry.npmjs.org/ionic-ion-horizontal-scroll-cards
19 verbose addNameRange registry:https://registry.npmjs.org/ionic-ion-horizontal-scroll-cards not in flight; fetching
20 verbose request uri https://registry.npmjs.org/ionic-ion-horizontal-scroll-cards
21 verbose request no auth needed
22 info attempt registry request try #1 at 11:32:10 AM
23 verbose request id 5bc14d1e042565c3
24 http request GET https://registry.npmjs.org/ionic-ion-horizontal-scroll-cards
25 http 404 https://registry.npmjs.org/ionic-ion-horizontal-scroll-cards
26 verbose headers { server: 'CouchDB/1.5.0 (Erlang OTP/R16B03)',
26 verbose headers   'content-type': 'application/json',
26 verbose headers   'cache-control': 'max-age=0',
26 verbose headers   'content-length': '51',
26 verbose headers   'accept-ranges': 'bytes',
26 verbose headers   date: 'Tue, 09 Jun 2015 06:02:10 GMT',
26 verbose headers   via: '1.1 varnish',
26 verbose headers   age: '0',
26 verbose headers   connection: 'keep-alive',
26 verbose headers   'x-served-by': 'cache-sin6920-SIN',
26 verbose headers   'x-cache': 'MISS',
26 verbose headers   'x-cache-hits': '0',
26 verbose headers   'x-timer': 'S1433829729.981909,VS0,VE210' }
27 silly get cb [ 404,
27 silly get   { server: 'CouchDB/1.5.0 (Erlang OTP/R16B03)',
27 silly get     'content-type': 'application/json',
27 silly get     'cache-control': 'max-age=0',
27 silly get     'content-length': '51',
27 silly get     'accept-ranges': 'bytes',
27 silly get     date: 'Tue, 09 Jun 2015 06:02:10 GMT',
27 silly get     via: '1.1 varnish',
27 silly get     age: '0',
27 silly get     connection: 'keep-alive',
27 silly get     'x-served-by': 'cache-sin6920-SIN',
27 silly get     'x-cache': 'MISS',
27 silly get     'x-cache-hits': '0',
27 silly get     'x-timer': 'S1433829729.981909,VS0,VE210' } ]
28 verbose stack Error: 404 Not Found: ionic-ion-horizontal-scroll-cards
28 verbose stack     at CachingRegistryClient.<anonymous> (C:\Program Files\nodejs\node_modules\npm\node_modules\npm-registry-client\lib\request.js:245:14)
28 verbose stack     at Request._callback (C:\Program Files\nodejs\node_modules\npm\node_modules\npm-registry-client\lib\request.js:170:14)
28 verbose stack     at Request.self.callback (C:\Program Files\nodejs\node_modules\npm\node_modules\request\request.js:368:22)
28 verbose stack     at Request.emit (events.js:110:17)
28 verbose stack     at Request.<anonymous> (C:\Program Files\nodejs\node_modules\npm\node_modules\request\request.js:1219:14)
28 verbose stack     at Request.emit (events.js:129:20)
28 verbose stack     at IncomingMessage.<anonymous> (C:\Program Files\nodejs\node_modules\npm\node_modules\request\request.js:1167:12)
28 verbose stack     at IncomingMessage.emit (events.js:129:20)
28 verbose stack     at _stream_readable.js:908:16
28 verbose stack     at process._tickCallback (node.js:355:11)
29 verbose statusCode 404
30 verbose pkgid ionic-ion-horizontal-scroll-cards
31 verbose cwd D:\personals\sunwiz\CarOne\phase1\conference
32 error Windows_NT 6.1.7601
33 error argv "C:\\Program Files\\nodejs\\\\node.exe" "C:\\Program Files\\nodejs\\node_modules\\npm\\bin\\npm-cli.js" "install" "ionic-ion-horizontal-scroll-cards"
34 error node v0.12.3
35 error npm  v2.9.1
36 error code E404
37 error 404 Not Found: ionic-ion-horizontal-scroll-cards
37 error 404
37 error 404 'ionic-ion-horizontal-scroll-cards' is not in the npm registry.
37 error 404 You should bug the author to publish it (or use the name yourself!)
37 error 404 It was specified as a dependency of 'conference'
37 error 404
37 error 404 Note that you can also install from a
37 error 404 tarball, folder, http url, or git url.
38 verbose exit [ 1, true ]
